<html>
<head>
<title>TestNG:  AppiumWeb</title>
<link href="../testng.css" rel="stylesheet" type="text/css" />
<link href="../my-testng.css" rel="stylesheet" type="text/css" />

<style type="text/css">
.log { display: none;} 
.stack-trace { display: none;} 
</style>
<script type="text/javascript">
<!--
function flip(e) {
  current = e.style.display;
  if (current == 'block') {
    e.style.display = 'none';
    return 0;
  }
  else {
    e.style.display = 'block';
    return 1;
  }
}

function toggleBox(szDivId, elem, msg1, msg2)
{
  var res = -1;  if (document.getElementById) {
    res = flip(document.getElementById(szDivId));
  }
  else if (document.all) {
    // this is the way old msie versions work
    res = flip(document.all[szDivId]);
  }
  if(elem) {
    if(res == 0) elem.innerHTML = msg1; else elem.innerHTML = msg2;
  }

}

function toggleAllBoxes() {
  if (document.getElementsByTagName) {
    d = document.getElementsByTagName('div');
    for (i = 0; i < d.length; i++) {
      if (d[i].className == 'log') {
        flip(d[i]);
      }
    }
  }
}

// -->
</script>

</head>
<body>
<h2 align='center'>AppiumWeb</h2><table border='1' align="center">
<tr>
<td>Tests passed/Failed/Skipped:</td><td>10/1/0</td>
</tr><tr>
<td>Started on:</td><td>Wed May 31 11:28:47 CLT 2023</td>
</tr>
<tr><td>Total time:</td><td>300 seconds (300143 ms)</td>
</tr><tr>
<td>Included groups:</td><td></td>
</tr><tr>
<td>Excluded groups:</td><td></td>
</tr>
</table><p/>
<small><i>(Hover the method name to see the test class name)</i></small><p/>
<table width='100%' border='1' class='invocation-failed'>
<tr><td colspan='4' align='center'><b>FAILED TESTS</b></td></tr>
<tr><td><b>Test method</b></td>
<td><b>Attribute(s)</b></td>
<td width="30%"><b>Exception</b></td>
<td width="10%"><b>Time (seconds)</b></td>
<td><b>Instance</b></td>
</tr>
<tr>
<td title='AppiumChromeTest.AllTest.comprarTest()'><b>comprarTest</b><br>Test class: AppiumChromeTest.AllTest</td>
<td><div><pre>java.lang.AssertionError: expected [https://compra.yapo.cl/checkouts/c/365101a5f919eef90f43fcc85f697322/shipping] but found [https://compra.yapo.cl/checkouts/c/7ecc3ebef3e6e3dabc68039d8e9b6b47/shipping]
	at AppiumChromeTest.AllTest.comprarTest(AllTest.java:244)
	at java.base/java.util.ArrayList.forEach(ArrayList.java:1511)
	at com.intellij.rt.testng.IDEARemoteTestNG.run(IDEARemoteTestNG.java:66)
	at com.intellij.rt.testng.RemoteTestNGStarter.main(RemoteTestNGStarter.java:105)
... Removed 28 stack frames</pre></div><a href='#' onClick='toggleBox("stack-trace535687332", this, "Click to show all stack frames", "Click to hide stack frames")'>Click to show all stack frames</a>
<div class='stack-trace' id='stack-trace535687332'><pre>java.lang.AssertionError: expected [https://compra.yapo.cl/checkouts/c/365101a5f919eef90f43fcc85f697322/shipping] but found [https://compra.yapo.cl/checkouts/c/7ecc3ebef3e6e3dabc68039d8e9b6b47/shipping]
	at org.testng.Assert.fail(Assert.java:111)
	at org.testng.Assert.failNotEquals(Assert.java:1578)
	at org.testng.Assert.assertEqualsImpl(Assert.java:150)
	at org.testng.Assert.assertEquals(Assert.java:132)
	at org.testng.Assert.assertEquals(Assert.java:656)
	at org.testng.Assert.assertEquals(Assert.java:666)
	at AppiumChromeTest.AllTest.comprarTest(AllTest.java:244)
	at java.base/jdk.internal.reflect.DirectMethodHandleAccessor.invoke(DirectMethodHandleAccessor.java:104)
	at java.base/java.lang.reflect.Method.invoke(Method.java:578)
	at org.testng.internal.invokers.MethodInvocationHelper.invokeMethod(MethodInvocationHelper.java:139)
	at org.testng.internal.invokers.TestInvoker.invokeMethod(TestInvoker.java:664)
	at org.testng.internal.invokers.TestInvoker.invokeTestMethod(TestInvoker.java:227)
	at org.testng.internal.invokers.MethodRunner.runInSequence(MethodRunner.java:50)
	at org.testng.internal.invokers.TestInvoker$MethodInvocationAgent.invoke(TestInvoker.java:957)
	at org.testng.internal.invokers.TestInvoker.invokeTestMethods(TestInvoker.java:200)
	at org.testng.internal.invokers.TestMethodWorker.invokeTestMethods(TestMethodWorker.java:148)
	at org.testng.internal.invokers.TestMethodWorker.run(TestMethodWorker.java:128)
	at java.base/java.util.ArrayList.forEach(ArrayList.java:1511)
	at org.testng.TestRunner.privateRun(TestRunner.java:848)
	at org.testng.TestRunner.run(TestRunner.java:621)
	at org.testng.SuiteRunner.runTest(SuiteRunner.java:443)
	at org.testng.SuiteRunner.runSequentially(SuiteRunner.java:437)
	at org.testng.SuiteRunner.privateRun(SuiteRunner.java:397)
	at org.testng.SuiteRunner.run(SuiteRunner.java:336)
	at org.testng.SuiteRunnerWorker.runSuite(SuiteRunnerWorker.java:52)
	at org.testng.SuiteRunnerWorker.run(SuiteRunnerWorker.java:95)
	at org.testng.TestNG.runSuitesSequentially(TestNG.java:1280)
	at org.testng.TestNG.runSuitesLocally(TestNG.java:1200)
	at org.testng.TestNG.runSuites(TestNG.java:1114)
	at org.testng.TestNG.run(TestNG.java:1082)
	at com.intellij.rt.testng.IDEARemoteTestNG.run(IDEARemoteTestNG.java:66)
	at com.intellij.rt.testng.RemoteTestNGStarter.main(RemoteTestNGStarter.java:105)
</pre></div></td>
<td>27</td>
<td>AppiumChromeTest.AllTest@409bf450</td></tr>
</table><p>
<table width='100%' border='1' class='invocation-passed'>
<tr><td colspan='4' align='center'><b>PASSED TESTS</b></td></tr>
<tr><td><b>Test method</b></td>
<td><b>Attribute(s)</b></td>
<td width="30%"><b>Exception</b></td>
<td width="10%"><b>Time (seconds)</b></td>
<td><b>Instance</b></td>
</tr>
<tr>
<td title='AppiumChromeTest.AllTest.publicarTest()'><b>publicarTest</b><br>Test class: AppiumChromeTest.AllTest</td>
<td></td>
<td>31</td>
<td>AppiumChromeTest.AllTest@409bf450</td></tr>
<tr>
<td title='AppiumChromeTest.AllTest.testLogin()'><b>testLogin</b><br>Test class: AppiumChromeTest.AllTest</td>
<td></td>
<td>10</td>
<td>AppiumChromeTest.AllTest@409bf450</td></tr>
<tr>
<td title='AppiumChromeTest.AllTest.publicarInvalidTest2()'><b>publicarInvalidTest2</b><br>Test class: AppiumChromeTest.AllTest</td>
<td></td>
<td>31</td>
<td>AppiumChromeTest.AllTest@409bf450</td></tr>
<tr>
<td title='AppiumChromeTest.AllTest.publicarInvalidTest1()'><b>publicarInvalidTest1</b><br>Test class: AppiumChromeTest.AllTest</td>
<td></td>
<td>30</td>
<td>AppiumChromeTest.AllTest@409bf450</td></tr>
<tr>
<td title='AppiumChromeTest.AllTest.publicarInvalidTest3()'><b>publicarInvalidTest3</b><br>Test class: AppiumChromeTest.AllTest</td>
<td></td>
<td>31</td>
<td>AppiumChromeTest.AllTest@409bf450</td></tr>
<tr>
<td title='AppiumChromeTest.AllTest.searchTestDept()'><b>searchTestDept</b><br>Test class: AppiumChromeTest.AllTest</td>
<td></td>
<td>5</td>
<td>AppiumChromeTest.AllTest@409bf450</td></tr>
<tr>
<td title='AppiumChromeTest.AllTest.comprarWrongTest()'><b>comprarWrongTest</b><br>Test class: AppiumChromeTest.AllTest</td>
<td></td>
<td>25</td>
<td>AppiumChromeTest.AllTest@409bf450</td></tr>
<tr>
<td title='AppiumChromeTest.AllTest.testLoginWrong()'><b>testLoginWrong</b><br>Test class: AppiumChromeTest.AllTest</td>
<td></td>
<td>4</td>
<td>AppiumChromeTest.AllTest@409bf450</td></tr>
<tr>
<td title='AppiumChromeTest.AllTest.testLoginEmpty()'><b>testLoginEmpty</b><br>Test class: AppiumChromeTest.AllTest</td>
<td></td>
<td>4</td>
<td>AppiumChromeTest.AllTest@409bf450</td></tr>
<tr>
<td title='AppiumChromeTest.AllTest.searchTestAuto()'><b>searchTestAuto</b><br>Test class: AppiumChromeTest.AllTest</td>
<td></td>
<td>7</td>
<td>AppiumChromeTest.AllTest@409bf450</td></tr>
</table><p>
</body>
</html>