<?xml version="1.0" encoding="UTF-8"?>
<testng-results ignored="0" total="11" passed="10" failed="1" skipped="0">
  <reporter-output>
  </reporter-output>
  <suite started-at="2023-05-31T11:28:47 CLT" name="Default Suite" finished-at="2023-05-31T11:33:47 CLT" duration-ms="300143">
    <groups>
    </groups>
    <test started-at="2023-05-31T11:28:47 CLT" name="AppiumWeb" finished-at="2023-05-31T11:33:47 CLT" duration-ms="300143">
      <class name="AppiumChromeTest.AllTest">
        <test-method is-config="true" signature="setUp()[pri:0, instance:AppiumChromeTest.AllTest@409bf450]" started-at="2023-05-31T11:28:47 CLT" name="setUp" finished-at="2023-05-31T11:28:56 CLT" duration-ms="9406" status="PASS">
          <reporter-output>
          </reporter-output>
        </test-method> <!-- setUp -->
        <test-method signature="testLogin()[pri:1, instance:AppiumChromeTest.AllTest@409bf450]" started-at="2023-05-31T11:28:56 CLT" name="testLogin" finished-at="2023-05-31T11:29:06 CLT" duration-ms="10322" status="PASS">
          <reporter-output>
          </reporter-output>
        </test-method> <!-- testLogin -->
        <test-method is-config="true" signature="tearDown()[pri:0, instance:AppiumChromeTest.AllTest@409bf450]" started-at="2023-05-31T11:29:06 CLT" name="tearDown" finished-at="2023-05-31T11:29:07 CLT" duration-ms="474" status="PASS">
          <reporter-output>
          </reporter-output>
        </test-method> <!-- tearDown -->
        <test-method is-config="true" signature="setUp()[pri:0, instance:AppiumChromeTest.AllTest@409bf450]" started-at="2023-05-31T11:29:07 CLT" name="setUp" finished-at="2023-05-31T11:29:14 CLT" duration-ms="7687" status="PASS">
          <reporter-output>
          </reporter-output>
        </test-method> <!-- setUp -->
        <test-method signature="testLoginEmpty()[pri:2, instance:AppiumChromeTest.AllTest@409bf450]" started-at="2023-05-31T11:29:14 CLT" name="testLoginEmpty" finished-at="2023-05-31T11:29:19 CLT" duration-ms="4875" status="PASS">
          <reporter-output>
          </reporter-output>
        </test-method> <!-- testLoginEmpty -->
        <test-method is-config="true" signature="tearDown()[pri:0, instance:AppiumChromeTest.AllTest@409bf450]" started-at="2023-05-31T11:29:19 CLT" name="tearDown" finished-at="2023-05-31T11:29:20 CLT" duration-ms="415" status="PASS">
          <reporter-output>
          </reporter-output>
        </test-method> <!-- tearDown -->
        <test-method is-config="true" signature="setUp()[pri:0, instance:AppiumChromeTest.AllTest@409bf450]" started-at="2023-05-31T11:29:20 CLT" name="setUp" finished-at="2023-05-31T11:29:27 CLT" duration-ms="7618" status="PASS">
          <reporter-output>
          </reporter-output>
        </test-method> <!-- setUp -->
        <test-method signature="testLoginWrong()[pri:3, instance:AppiumChromeTest.AllTest@409bf450]" started-at="2023-05-31T11:29:27 CLT" name="testLoginWrong" finished-at="2023-05-31T11:29:32 CLT" duration-ms="4983" status="PASS">
          <reporter-output>
          </reporter-output>
        </test-method> <!-- testLoginWrong -->
        <test-method is-config="true" signature="tearDown()[pri:0, instance:AppiumChromeTest.AllTest@409bf450]" started-at="2023-05-31T11:29:32 CLT" name="tearDown" finished-at="2023-05-31T11:29:33 CLT" duration-ms="480" status="PASS">
          <reporter-output>
          </reporter-output>
        </test-method> <!-- tearDown -->
        <test-method is-config="true" signature="setUp()[pri:0, instance:AppiumChromeTest.AllTest@409bf450]" started-at="2023-05-31T11:29:33 CLT" name="setUp" finished-at="2023-05-31T11:29:40 CLT" duration-ms="7411" status="PASS">
          <reporter-output>
          </reporter-output>
        </test-method> <!-- setUp -->
        <test-method signature="searchTestAuto()[pri:4, instance:AppiumChromeTest.AllTest@409bf450]" started-at="2023-05-31T11:29:40 CLT" name="searchTestAuto" finished-at="2023-05-31T11:29:48 CLT" duration-ms="7656" status="PASS">
          <reporter-output>
          </reporter-output>
        </test-method> <!-- searchTestAuto -->
        <test-method is-config="true" signature="tearDown()[pri:0, instance:AppiumChromeTest.AllTest@409bf450]" started-at="2023-05-31T11:29:48 CLT" name="tearDown" finished-at="2023-05-31T11:29:48 CLT" duration-ms="519" status="PASS">
          <reporter-output>
          </reporter-output>
        </test-method> <!-- tearDown -->
        <test-method is-config="true" signature="setUp()[pri:0, instance:AppiumChromeTest.AllTest@409bf450]" started-at="2023-05-31T11:29:48 CLT" name="setUp" finished-at="2023-05-31T11:29:55 CLT" duration-ms="6469" status="PASS">
          <reporter-output>
          </reporter-output>
        </test-method> <!-- setUp -->
        <test-method signature="searchTestDept()[pri:5, instance:AppiumChromeTest.AllTest@409bf450]" started-at="2023-05-31T11:29:55 CLT" name="searchTestDept" finished-at="2023-05-31T11:30:01 CLT" duration-ms="5979" status="PASS">
          <reporter-output>
          </reporter-output>
        </test-method> <!-- searchTestDept -->
        <test-method is-config="true" signature="tearDown()[pri:0, instance:AppiumChromeTest.AllTest@409bf450]" started-at="2023-05-31T11:30:01 CLT" name="tearDown" finished-at="2023-05-31T11:30:01 CLT" duration-ms="441" status="PASS">
          <reporter-output>
          </reporter-output>
        </test-method> <!-- tearDown -->
        <test-method is-config="true" signature="setUp()[pri:0, instance:AppiumChromeTest.AllTest@409bf450]" started-at="2023-05-31T11:30:01 CLT" name="setUp" finished-at="2023-05-31T11:30:09 CLT" duration-ms="7347" status="PASS">
          <reporter-output>
          </reporter-output>
        </test-method> <!-- setUp -->
        <test-method signature="publicarTest()[pri:6, instance:AppiumChromeTest.AllTest@409bf450]" started-at="2023-05-31T11:30:09 CLT" name="publicarTest" finished-at="2023-05-31T11:30:41 CLT" duration-ms="31953" status="PASS">
          <reporter-output>
          </reporter-output>
        </test-method> <!-- publicarTest -->
        <test-method is-config="true" signature="tearDown()[pri:0, instance:AppiumChromeTest.AllTest@409bf450]" started-at="2023-05-31T11:30:41 CLT" name="tearDown" finished-at="2023-05-31T11:30:41 CLT" duration-ms="455" status="PASS">
          <reporter-output>
          </reporter-output>
        </test-method> <!-- tearDown -->
        <test-method is-config="true" signature="setUp()[pri:0, instance:AppiumChromeTest.AllTest@409bf450]" started-at="2023-05-31T11:30:41 CLT" name="setUp" finished-at="2023-05-31T11:30:48 CLT" duration-ms="6653" status="PASS">
          <reporter-output>
          </reporter-output>
        </test-method> <!-- setUp -->
        <test-method signature="publicarInvalidTest1()[pri:7, instance:AppiumChromeTest.AllTest@409bf450]" started-at="2023-05-31T11:30:48 CLT" name="publicarInvalidTest1" finished-at="2023-05-31T11:31:19 CLT" duration-ms="30810" status="PASS">
          <reporter-output>
          </reporter-output>
        </test-method> <!-- publicarInvalidTest1 -->
        <test-method is-config="true" signature="tearDown()[pri:0, instance:AppiumChromeTest.AllTest@409bf450]" started-at="2023-05-31T11:31:19 CLT" name="tearDown" finished-at="2023-05-31T11:31:19 CLT" duration-ms="519" status="PASS">
          <reporter-output>
          </reporter-output>
        </test-method> <!-- tearDown -->
        <test-method is-config="true" signature="setUp()[pri:0, instance:AppiumChromeTest.AllTest@409bf450]" started-at="2023-05-31T11:31:19 CLT" name="setUp" finished-at="2023-05-31T11:31:26 CLT" duration-ms="6811" status="PASS">
          <reporter-output>
          </reporter-output>
        </test-method> <!-- setUp -->
        <test-method signature="publicarInvalidTest2()[pri:8, instance:AppiumChromeTest.AllTest@409bf450]" started-at="2023-05-31T11:31:26 CLT" name="publicarInvalidTest2" finished-at="2023-05-31T11:31:58 CLT" duration-ms="31802" status="PASS">
          <reporter-output>
          </reporter-output>
        </test-method> <!-- publicarInvalidTest2 -->
        <test-method is-config="true" signature="tearDown()[pri:0, instance:AppiumChromeTest.AllTest@409bf450]" started-at="2023-05-31T11:31:58 CLT" name="tearDown" finished-at="2023-05-31T11:31:58 CLT" duration-ms="440" status="PASS">
          <reporter-output>
          </reporter-output>
        </test-method> <!-- tearDown -->
        <test-method is-config="true" signature="setUp()[pri:0, instance:AppiumChromeTest.AllTest@409bf450]" started-at="2023-05-31T11:31:58 CLT" name="setUp" finished-at="2023-05-31T11:32:06 CLT" duration-ms="7461" status="PASS">
          <reporter-output>
          </reporter-output>
        </test-method> <!-- setUp -->
        <test-method signature="publicarInvalidTest3()[pri:9, instance:AppiumChromeTest.AllTest@409bf450]" started-at="2023-05-31T11:32:06 CLT" name="publicarInvalidTest3" finished-at="2023-05-31T11:32:37 CLT" duration-ms="31877" status="PASS">
          <reporter-output>
          </reporter-output>
        </test-method> <!-- publicarInvalidTest3 -->
        <test-method is-config="true" signature="tearDown()[pri:0, instance:AppiumChromeTest.AllTest@409bf450]" started-at="2023-05-31T11:32:37 CLT" name="tearDown" finished-at="2023-05-31T11:32:38 CLT" duration-ms="471" status="PASS">
          <reporter-output>
          </reporter-output>
        </test-method> <!-- tearDown -->
        <test-method is-config="true" signature="setUp()[pri:0, instance:AppiumChromeTest.AllTest@409bf450]" started-at="2023-05-31T11:32:38 CLT" name="setUp" finished-at="2023-05-31T11:32:45 CLT" duration-ms="7566" status="PASS">
          <reporter-output>
          </reporter-output>
        </test-method> <!-- setUp -->
        <test-method signature="comprarTest()[pri:10, instance:AppiumChromeTest.AllTest@409bf450]" started-at="2023-05-31T11:32:45 CLT" name="comprarTest" finished-at="2023-05-31T11:33:13 CLT" duration-ms="27630" status="FAIL">
          <exception class="java.lang.AssertionError">
            <message>
              <![CDATA[expected [https://compra.yapo.cl/checkouts/c/365101a5f919eef90f43fcc85f697322/shipping] but found [https://compra.yapo.cl/checkouts/c/7ecc3ebef3e6e3dabc68039d8e9b6b47/shipping]]]>
            </message>
            <full-stacktrace>
              <![CDATA[java.lang.AssertionError: expected [https://compra.yapo.cl/checkouts/c/365101a5f919eef90f43fcc85f697322/shipping] but found [https://compra.yapo.cl/checkouts/c/7ecc3ebef3e6e3dabc68039d8e9b6b47/shipping]
at org.testng.Assert.fail(Assert.java:111)
at org.testng.Assert.failNotEquals(Assert.java:1578)
at org.testng.Assert.assertEqualsImpl(Assert.java:150)
at org.testng.Assert.assertEquals(Assert.java:132)
at org.testng.Assert.assertEquals(Assert.java:656)
at org.testng.Assert.assertEquals(Assert.java:666)
at AppiumChromeTest.AllTest.comprarTest(AllTest.java:244)
at java.base/jdk.internal.reflect.DirectMethodHandleAccessor.invoke(DirectMethodHandleAccessor.java:104)
at java.base/java.lang.reflect.Method.invoke(Method.java:578)
at org.testng.internal.invokers.MethodInvocationHelper.invokeMethod(MethodInvocationHelper.java:139)
at org.testng.internal.invokers.TestInvoker.invokeMethod(TestInvoker.java:664)
at org.testng.internal.invokers.TestInvoker.invokeTestMethod(TestInvoker.java:227)
at org.testng.internal.invokers.MethodRunner.runInSequence(MethodRunner.java:50)
at org.testng.internal.invokers.TestInvoker$MethodInvocationAgent.invoke(TestInvoker.java:957)
at org.testng.internal.invokers.TestInvoker.invokeTestMethods(TestInvoker.java:200)
at org.testng.internal.invokers.TestMethodWorker.invokeTestMethods(TestMethodWorker.java:148)
at org.testng.internal.invokers.TestMethodWorker.run(TestMethodWorker.java:128)
at java.base/java.util.ArrayList.forEach(ArrayList.java:1511)
at org.testng.TestRunner.privateRun(TestRunner.java:848)
at org.testng.TestRunner.run(TestRunner.java:621)
at org.testng.SuiteRunner.runTest(SuiteRunner.java:443)
at org.testng.SuiteRunner.runSequentially(SuiteRunner.java:437)
at org.testng.SuiteRunner.privateRun(SuiteRunner.java:397)
at org.testng.SuiteRunner.run(SuiteRunner.java:336)
at org.testng.SuiteRunnerWorker.runSuite(SuiteRunnerWorker.java:52)
at org.testng.SuiteRunnerWorker.run(SuiteRunnerWorker.java:95)
at org.testng.TestNG.runSuitesSequentially(TestNG.java:1280)
at org.testng.TestNG.runSuitesLocally(TestNG.java:1200)
at org.testng.TestNG.runSuites(TestNG.java:1114)
at org.testng.TestNG.run(TestNG.java:1082)
at com.intellij.rt.testng.IDEARemoteTestNG.run(IDEARemoteTestNG.java:66)
at com.intellij.rt.testng.RemoteTestNGStarter.main(RemoteTestNGStarter.java:105)
]]>
            </full-stacktrace>
          </exception> <!-- java.lang.AssertionError -->
          <reporter-output>
          </reporter-output>
        </test-method> <!-- comprarTest -->
        <test-method is-config="true" signature="tearDown()[pri:0, instance:AppiumChromeTest.AllTest@409bf450]" started-at="2023-05-31T11:33:13 CLT" name="tearDown" finished-at="2023-05-31T11:33:14 CLT" duration-ms="386" status="PASS">
          <reporter-output>
          </reporter-output>
        </test-method> <!-- tearDown -->
        <test-method is-config="true" signature="setUp()[pri:0, instance:AppiumChromeTest.AllTest@409bf450]" started-at="2023-05-31T11:33:14 CLT" name="setUp" finished-at="2023-05-31T11:33:21 CLT" duration-ms="7507" status="PASS">
          <reporter-output>
          </reporter-output>
        </test-method> <!-- setUp -->
        <test-method signature="comprarWrongTest()[pri:11, instance:AppiumChromeTest.AllTest@409bf450]" started-at="2023-05-31T11:33:21 CLT" name="comprarWrongTest" finished-at="2023-05-31T11:33:46 CLT" duration-ms="25228" status="PASS">
          <reporter-output>
          </reporter-output>
        </test-method> <!-- comprarWrongTest -->
        <test-method is-config="true" signature="tearDown()[pri:0, instance:AppiumChromeTest.AllTest@409bf450]" started-at="2023-05-31T11:33:46 CLT" name="tearDown" finished-at="2023-05-31T11:33:47 CLT" duration-ms="449" status="PASS">
          <reporter-output>
          </reporter-output>
        </test-method> <!-- tearDown -->
      </class> <!-- AppiumChromeTest.AllTest -->
    </test> <!-- AppiumWeb -->
  </suite> <!-- Default Suite -->
</testng-results>
